{
  "RSpec": {
    "coverage": {
      "/Users/jberg/projects/slowfood-jan2019-team1/app/models/user.rb": [
        1,
        null,
        null,
        1,
        null,
        null
      ],
      "/Users/jberg/projects/slowfood-jan2019-team1/app/models/application_record.rb": [
        1,
        1,
        null
      ],
      "/Users/jberg/projects/slowfood-jan2019-team1/app/helpers/application_helper.rb": [
        1,
        null
      ],
      "/Users/jberg/projects/slowfood-jan2019-team1/app/models/product.rb": [
        1,
        1,
        null
      ],
      "/Users/jberg/projects/slowfood-jan2019-team1/app/mailers/application_mailer.rb": [
        0,
        0,
        0,
        0
      ],
      "/Users/jberg/projects/slowfood-jan2019-team1/app/jobs/application_job.rb": [
        0,
        0
      ],
      "/Users/jberg/projects/slowfood-jan2019-team1/app/controllers/application_controller.rb": [
        0,
        0
      ],
      "/Users/jberg/projects/slowfood-jan2019-team1/app/controllers/products_controller.rb": [
        0,
        0,
        0,
        0,
        0
      ],
      "/Users/jberg/projects/slowfood-jan2019-team1/app/channels/application_cable/connection.rb": [
        0,
        0,
        0,
        0
      ],
      "/Users/jberg/projects/slowfood-jan2019-team1/app/channels/application_cable/channel.rb": [
        0,
        0,
        0,
        0
      ]
    },
    "timestamp": 1550833260
  },
  "Cucumber Features": {
    "coverage": {
      "/Users/jberg/projects/slowfood-jan2019-team1/app/models/product.rb": [
        1,
        1,
        null
      ],
      "/Users/jberg/projects/slowfood-jan2019-team1/app/controllers/products_controller.rb": [
        1,
        1,
        4,
        null,
        null
      ],
      "/Users/jberg/projects/slowfood-jan2019-team1/app/controllers/application_controller.rb": [
        1,
        null
      ],
      "/Users/jberg/projects/slowfood-jan2019-team1/app/helpers/application_helper.rb": [
        1,
        null
      ],
      "/Users/jberg/projects/slowfood-jan2019-team1/app/mailers/application_mailer.rb": [
        0,
        0,
        0,
        0
      ],
      "/Users/jberg/projects/slowfood-jan2019-team1/app/models/application_record.rb": [
        0,
        0,
        0
      ],
      "/Users/jberg/projects/slowfood-jan2019-team1/app/models/user.rb": [
        0,
        null,
        null,
        0,
        0,
        0
      ],
      "/Users/jberg/projects/slowfood-jan2019-team1/app/jobs/application_job.rb": [
        0,
        0
      ],
      "/Users/jberg/projects/slowfood-jan2019-team1/app/channels/application_cable/connection.rb": [
        0,
        0,
        0,
        0
      ],
      "/Users/jberg/projects/slowfood-jan2019-team1/app/channels/application_cable/channel.rb": [
        0,
        0,
        0,
        0
      ]
    },
    "timestamp": 1550833264
  }
}
